<?xml version="1.0" encoding="UTF-8"?>
<!-- Generated by org.testng.reporters.JUnitReportReporter -->
<testsuite hostname="DESKTOP-9STP60L" failures="0" tests="1" name="testPolicyBazzar.ValidateUserName" time="9.732" errors="0" timestamp="2023-06-30T11:41:17 IST" skipped="0">
  <testcase classname="testPolicyBazzar.ValidateUserName" name="validateUN" time="9.732"/>
</testsuite> <!-- testPolicyBazzar.ValidateUserName -->
