<?xml version="1.0" encoding="UTF-8"?>
<!-- Generated by org.testng.reporters.JUnitReportReporter -->
<testsuite hostname="DESKTOP-9STP60L" failures="0" tests="4" name="testPolicyBazzar.POL_TC_1234_ValidatingPersonalDetails" time="6.089" errors="0" timestamp="2023-07-05T12:32:37 IST" skipped="0">
  <testcase classname="testPolicyBazzar.POL_TC_1234_ValidatingPersonalDetails" name="validatingProfilePageURL" time="4.196">
    <system-out>
      <![CDATA[Actual and expected url are matching - TC is passed]]>
    </system-out>
  </testcase> <!-- validatingProfilePageURL -->
  <testcase classname="testPolicyBazzar.POL_TC_1234_ValidatingPersonalDetails" name="validatingFemaleRadioSelection" time="1.171">
    <system-out>
      <![CDATA[Female radio button is selected]]>
    </system-out>
  </testcase> <!-- validatingFemaleRadioSelection -->
  <testcase classname="testPolicyBazzar.POL_TC_1234_ValidatingPersonalDetails" name="validatingUserName" time="0.588">
    <system-out>
      <![CDATA[Reading data from excel row number-1, cell number-2
Actual and expected username are matching - TC is Passed
Taking screenshot and stored at-C:\Users\palla\EclipseWorksapce\PolicyBazzarProject\screenshots\Pallavi Pustake-POL_TC_1234-Cg.png]]>
    </system-out>
  </testcase> <!-- validatingUserName -->
  <testcase classname="testPolicyBazzar.POL_TC_1234_ValidatingPersonalDetails" name="validatingEmailID" time="0.134">
    <system-out>
      <![CDATA[Reading data from excel row number-1, cell number-3
Actual and expected EmailID's are matching - TC is passed]]>
    </system-out>
  </testcase> <!-- validatingEmailID -->
  <system-out>
    <![CDATA[Launching Policy Bazzar Appilcation
Waiting for complete load page, wait time-1000
Clicking on sign in home page
Waiting for complete load page, wait time-1000
Reading data from excel row number-1, cell number-0
Entering mobile number
Waiting for,wait time-1000
Clicking on sign in with password
Waiting for,wait time-1000
Reading data from excel row number-1, cell number-1
Entering password
Clicking on sign in
Waiting for complete load page, wait time-1500
Clicking on my account
Waiting for,wait time-1000
Clicking on my profile
Waiting for complete load page, wait time-2000
Actual and expected url are matching - TC is passed
Female radio button is selected
Reading data from excel row number-1, cell number-2
Actual and expected username are matching - TC is Passed
Taking screenshot and stored at-C:\Users\palla\EclipseWorksapce\PolicyBazzarProject\screenshots\Pallavi Pustake-POL_TC_1234-Cg.png
Reading data from excel row number-1, cell number-3
Actual and expected EmailID's are matching - TC is passed
Logging out from Policy Bazzar Application]]>
  </system-out>
</testsuite> <!-- testPolicyBazzar.POL_TC_1234_ValidatingPersonalDetails -->
